[debug] [2025-05-28T01:18:46.979Z] ----------------------------------------------------------------------
[debug] [2025-05-28T01:18:46.982Z] Command:       C:\Program Files\nodejs\node.exe C:\Users\fatec-dsm2\AppData\Roaming\npm\node_modules\firebase-tools\lib\bin\firebase.js projects:list
[debug] [2025-05-28T01:18:46.982Z] CLI Version:   14.4.0
[debug] [2025-05-28T01:18:46.982Z] Platform:      win32
[debug] [2025-05-28T01:18:46.982Z] Node Version:  v22.12.0
[debug] [2025-05-28T01:18:46.983Z] Time:          Tue May 27 2025 22:18:46 GMT-0300 (Horário Padrão de Brasília)
[debug] [2025-05-28T01:18:46.983Z] ----------------------------------------------------------------------
[debug] 
[debug] [2025-05-28T01:18:47.218Z] > command requires scopes: ["email","openid","https://www.googleapis.com/auth/cloudplatformprojects.readonly","https://www.googleapis.com/auth/firebase","https://www.googleapis.com/auth/cloud-platform"]
[debug] [2025-05-28T01:18:47.218Z] > authorizing via signed-in user (dmosken2015@gmail.com)
[debug] [2025-05-28T01:18:47.222Z] Checked if tokens are valid: true, expires at: 1748396764319
[debug] [2025-05-28T01:18:47.222Z] Checked if tokens are valid: true, expires at: 1748396764319
[debug] [2025-05-28T01:18:47.223Z] >>> [apiv2][query] GET https://firebase.googleapis.com/v1beta1/projects pageSize=1000
[debug] [2025-05-28T01:18:48.217Z] *** [apiv2] error from fetch(https://firebase.googleapis.com/v1beta1/projects?pageSize=1000, {"headers":{},"method":"GET","signal":{}}): FetchError: request to https://firebase.googleapis.com/v1beta1/projects?pageSize=1000 failed, reason: getaddrinfo ENOTFOUND firebase.googleapis.com
[debug] [2025-05-28T01:18:48.217Z] Failed to make request to https://firebase.googleapis.com/v1beta1/projects?pageSize=1000
[debug] [2025-05-28T01:18:49.437Z] FirebaseError: Failed to make request to https://firebase.googleapis.com/v1beta1/projects?pageSize=1000
    at RetryOperation._fn (C:\Users\fatec-dsm2\AppData\Roaming\npm\node_modules\firebase-tools\lib\apiv2.js:261:31)
    at process.processTicksAndRejections (node:internal/process/task_queues:105:5)
[error] 
[error] Error: Failed to list Firebase projects. See firebase-debug.log for more info.
